<?xml version="1.0" encoding="UTF-8"?>
<testng-results ignored="0" total="2" passed="2" failed="0" skipped="0">
  <reporter-output>
  </reporter-output>
  <suite started-at="2023-04-07T00:13:33 IST" name="Suite" finished-at="2023-04-07T00:13:57 IST" duration-ms="23680">
    <groups>
    </groups>
    <test started-at="2023-04-07T00:13:33 IST" name="Test" finished-at="2023-04-07T00:13:57 IST" duration-ms="23680">
      <class name="Paralleltesting.parallelTest1">
        <test-method signature="verifyLogo()[pri:0, instance:Paralleltesting.parallelTest1@32eff876]" started-at="2023-04-07T00:13:33 IST" name="verifyLogo" finished-at="2023-04-07T00:13:48 IST" duration-ms="14192" status="PASS">
          <reporter-output>
          </reporter-output>
        </test-method> <!-- verifyLogo -->
        <test-method signature="verifyTitle()[pri:0, instance:Paralleltesting.parallelTest1@32eff876]" started-at="2023-04-07T00:13:48 IST" name="verifyTitle" finished-at="2023-04-07T00:13:57 IST" duration-ms="9344" status="PASS">
          <reporter-output>
          </reporter-output>
        </test-method> <!-- verifyTitle -->
      </class> <!-- Paralleltesting.parallelTest1 -->
    </test> <!-- Test -->
  </suite> <!-- Suite -->
</testng-results>
