<?xml version="1.0" encoding="UTF-8"?>
<!-- Generated by org.testng.reporters.JUnitXMLReporter -->
<testsuite ignored="2" hostname="SAM" failures="0" tests="4" name="Test" time="0.259" errors="0" timestamp="2023-03-17T01:13:07 IST">
  <testcase classname="EnableDesableTestCases.LoanDepartment" name="APILoginAutomobileLoan" time="0.054"/>
  <testcase classname="EnableDesableTestCases.LoanDepartment" name="APILoginPersonalLoan" time="0.008"/>
  <testcase classname="EnableDesableTestCases.LoanDepartment" name="MobileLoginAutomobileLoan" time="0.008"/>
  <testcase classname="EnableDesableTestCases.LoanDepartment" name="WebLoginAutomobileLoan" time="0.008"/>
  <testcase classname="EnableDesableTestCases.LoanDepartment" name="WebLoginPersonalLoan" time="0.0">
    <ignored/>
  </testcase> <!-- WebLoginPersonalLoan -->
  <testcase classname="EnableDesableTestCases.LoanDepartment" name="MobileLoginPersonalLoan" time="0.0">
    <ignored/>
  </testcase> <!-- MobileLoginPersonalLoan -->
</testsuite> <!-- Test -->
